<?xml version="1.0" encoding="UTF-8"?>
<testsuite xmlns:xsi="http://www.w3.org/2001/XMLSchema-instance" xsi:noNamespaceSchemaLocation="https://maven.apache.org/surefire/maven-surefire-plugin/xsd/surefire-test-report-3.0.xsd" version="3.0" name="com.Biblioteca.app.BibliotecaApplicationTests" time="3.232" tests="1" errors="0" skipped="0" failures="0">
  <properties>
[...]
</properties>
  <testcase name="contextLoads" classname="com.Biblioteca.app.BibliotecaApplicationTests" time="0.71">
    <system-out><![CDATA[23:25:44.183 [main] INFO org.springframework.test.context.support.AnnotationConfigContextLoaderUtils -- Could not detect default configuration classes for test class [com.Biblioteca.app.BibliotecaApplicationTests]: BibliotecaApplicationTests does not declare any static, non-private, non-final, nested classes annotated with @Configuration.
23:25:44.265 [main] INFO org.springframework.boot.test.context.SpringBootTestContextBootstrapper -- Found @SpringBootConfiguration com.Biblioteca.app.BibliotecaApplication for test class com.Biblioteca.app.BibliotecaApplicationTests
23:25:44.418 [main] INFO org.springframework.boot.devtools.restart.RestartApplicationListener -- Restart disabled due to context in which it is running
  .   ____          _            __ _ _
 /\\ / ___'_ __ _ _(_)_ __  __ _ \ \ \ \
( ( )\___ | '_ | '_| | '_ \/ _` | \ \ \ \
 \\/  ___)| |_)| | | | | || (_| |  ) ) ) )
  '  |____| .__|_| |_|_| |_\__, | / / / /
 =========|_|==============|___/=/_/_/_/

 :: Spring Boot ::                (v3.3.0)

2024-06-06T23:25:44.619-05:00  INFO 24380 --- [Biblioteca] [           main] c.B.app.BibliotecaApplicationTests       : Starting BibliotecaApplicationTests using Java 17.0.10 with PID 24380 (started by david in C:\srpingsss\Biblioteca)
2024-06-06T23:25:44.620-05:00  INFO 24380 --- [Biblioteca] [           main] c.B.app.BibliotecaApplicationTests       : No active profile set, falling back to 1 default profile: "default"
2024-06-06T23:25:45.159-05:00  INFO 24380 --- [Biblioteca] [           main] .s.d.r.c.RepositoryConfigurationDelegate : Bootstrapping Spring Data MongoDB repositories in DEFAULT mode.
2024-06-06T23:25:45.222-05:00  INFO 24380 --- [Biblioteca] [           main] .s.d.r.c.RepositoryConfigurationDelegate : Finished Spring Data repository scanning in 59 ms. Found 5 MongoDB repository interfaces.
2024-06-06T23:25:45.680-05:00  INFO 24380 --- [Biblioteca] [           main] org.mongodb.driver.client                : MongoClient with metadata {"driver": {"name": "mongo-java-driver|sync|spring-boot", "version": "5.0.1"}, "os": {"type": "Windows", "name": "Windows 11", "architecture": "amd64", "version": "10.0"}, "platform": "Java/Eclipse Adoptium/17.0.10+7"} created with settings MongoClientSettings{readPreference=primary, writeConcern=WriteConcern{w=null, wTimeout=null ms, journal=null}, retryWrites=true, retryReads=true, readConcern=ReadConcern{level=null}, credential=MongoCredential{mechanism=null, userName='classEmp', source='admin', password=<hidden>, mechanismProperties=<hidden>}, transportSettings=null, commandListeners=[], codecRegistry=ProvidersCodecRegistry{codecProviders=[ValueCodecProvider{}, BsonValueCodecProvider{}, DBRefCodecProvider{}, DBObjectCodecProvider{}, DocumentCodecProvider{}, CollectionCodecProvider{}, IterableCodecProvider{}, MapCodecProvider{}, GeoJsonCodecProvider{}, GridFSFileCodecProvider{}, Jsr310CodecProvider{}, JsonObjectCodecProvider{}, BsonCodecProvider{}, EnumCodecProvider{}, com.mongodb.client.model.mql.ExpressionCodecProvider@3e046e39, com.mongodb.Jep395RecordCodecProvider@61cda923, com.mongodb.KotlinCodecProvider@46fc522d]}, loggerSettings=LoggerSettings{maxDocumentLength=1000}, clusterSettings={hosts=[127.0.0.1:27017], srvHost=apliemp.aawqpdq.mongodb.net, srvServiceName=mongodb, mode=MULTIPLE, requiredClusterType=REPLICA_SET, requiredReplicaSetName='atlas-29iahe-shard-0', serverSelector='null', clusterListeners='[]', serverSelectionTimeout='30000 ms', localThreshold='15 ms'}, socketSettings=SocketSettings{connectTimeoutMS=10000, readTimeoutMS=0, receiveBufferSize=0, proxySettings=ProxySettings{host=null, port=null, username=null, password=null}}, heartbeatSocketSettings=SocketSettings{connectTimeoutMS=10000, readTimeoutMS=10000, receiveBufferSize=0, proxySettings=ProxySettings{host=null, port=null, username=null, password=null}}, connectionPoolSettings=ConnectionPoolSettings{maxSize=100, minSize=0, maxWaitTimeMS=120000, maxConnectionLifeTimeMS=0, maxConnectionIdleTimeMS=0, maintenanceInitialDelayMS=0, maintenanceFrequencyMS=60000, connectionPoolListeners=[], maxConnecting=2}, serverSettings=ServerSettings{heartbeatFrequencyMS=10000, minHeartbeatFrequencyMS=500, serverListeners='[]', serverMonitorListeners='[]'}, sslSettings=SslSettings{enabled=true, invalidHostNameAllowed=false, context=null}, applicationName='null', compressorList=[], uuidRepresentation=JAVA_LEGACY, serverApi=null, autoEncryptionSettings=null, dnsClient=null, inetAddressResolver=null, contextProvider=null}
2024-06-06T23:25:45.713-05:00  INFO 24380 --- [Biblioteca] [pdq.mongodb.net] org.mongodb.driver.cluster               : Adding discovered server ac-8hxiwxg-shard-00-00.aawqpdq.mongodb.net:27017 to client view of cluster
2024-06-06T23:25:45.737-05:00  INFO 24380 --- [Biblioteca] [pdq.mongodb.net] org.mongodb.driver.cluster               : Adding discovered server ac-8hxiwxg-shard-00-02.aawqpdq.mongodb.net:27017 to client view of cluster
2024-06-06T23:25:45.739-05:00  INFO 24380 --- [Biblioteca] [pdq.mongodb.net] org.mongodb.driver.cluster               : Adding discovered server ac-8hxiwxg-shard-00-01.aawqpdq.mongodb.net:27017 to client view of cluster
2024-06-06T23:25:46.204-05:00  INFO 24380 --- [Biblioteca] [           main] o.s.b.a.w.s.WelcomePageHandlerMapping    : Adding welcome page template: index
2024-06-06T23:25:46.558-05:00  INFO 24380 --- [Biblioteca] [           main] c.B.app.BibliotecaApplicationTests       : Started BibliotecaApplicationTests in 2.15 seconds (process running for 2.986)
2024-06-06T23:25:46.692-05:00  INFO 24380 --- [Biblioteca] [ngodb.net:27017] org.mongodb.driver.cluster               : Monitor thread successfully connected to server with description ServerDescription{address=ac-8hxiwxg-shard-00-00.aawqpdq.mongodb.net:27017, type=REPLICA_SET_SECONDARY, state=CONNECTED, ok=true, minWireVersion=0, maxWireVersion=21, maxDocumentSize=16777216, logicalSessionTimeoutMinutes=30, roundTripTimeNanos=565461000, setName='atlas-29iahe-shard-0', canonicalAddress=ac-8hxiwxg-shard-00-00.aawqpdq.mongodb.net:27017, hosts=[ac-8hxiwxg-shard-00-02.aawqpdq.mongodb.net:27017, ac-8hxiwxg-shard-00-01.aawqpdq.mongodb.net:27017, ac-8hxiwxg-shard-00-00.aawqpdq.mongodb.net:27017], passives=[], arbiters=[], primary='ac-8hxiwxg-shard-00-01.aawqpdq.mongodb.net:27017', tagSet=TagSet{[Tag{name='availabilityZone', value='sae1-az1'}, Tag{name='diskState', value='READY'}, Tag{name='nodeType', value='ELECTABLE'}, Tag{name='provider', value='AWS'}, Tag{name='region', value='SA_EAST_1'}, Tag{name='workloadType', value='OPERATIONAL'}]}, electionId=null, setVersion=4, topologyVersion=TopologyVersion{processId=6661d076889af8f7ff9fa77b, counter=4}, lastWriteDate=Thu Jun 06 23:25:45 COT 2024, lastUpdateTimeNanos=25207713873400}
2024-06-06T23:25:46.692-05:00  INFO 24380 --- [Biblioteca] [ngodb.net:27017] org.mongodb.driver.cluster               : Monitor thread successfully connected to server with description ServerDescription{address=ac-8hxiwxg-shard-00-02.aawqpdq.mongodb.net:27017, type=REPLICA_SET_SECONDARY, state=CONNECTED, ok=true, minWireVersion=0, maxWireVersion=21, maxDocumentSize=16777216, logicalSessionTimeoutMinutes=30, roundTripTimeNanos=563931100, setName='atlas-29iahe-shard-0', canonicalAddress=ac-8hxiwxg-shard-00-02.aawqpdq.mongodb.net:27017, hosts=[ac-8hxiwxg-shard-00-02.aawqpdq.mongodb.net:27017, ac-8hxiwxg-shard-00-01.aawqpdq.mongodb.net:27017, ac-8hxiwxg-shard-00-00.aawqpdq.mongodb.net:27017], passives=[], arbiters=[], primary='ac-8hxiwxg-shard-00-01.aawqpdq.mongodb.net:27017', tagSet=TagSet{[Tag{name='availabilityZone', value='sae1-az2'}, Tag{name='diskState', value='READY'}, Tag{name='nodeType', value='ELECTABLE'}, Tag{name='provider', value='AWS'}, Tag{name='region', value='SA_EAST_1'}, Tag{name='workloadType', value='OPERATIONAL'}]}, electionId=null, setVersion=4, topologyVersion=TopologyVersion{processId=6661d4f2eb8b7b17608f318b, counter=3}, lastWriteDate=Thu Jun 06 23:25:45 COT 2024, lastUpdateTimeNanos=25207713867500}
2024-06-06T23:25:46.692-05:00  INFO 24380 --- [Biblioteca] [ngodb.net:27017] org.mongodb.driver.cluster               : Monitor thread successfully connected to server with description ServerDescription{address=ac-8hxiwxg-shard-00-01.aawqpdq.mongodb.net:27017, type=REPLICA_SET_PRIMARY, state=CONNECTED, ok=true, minWireVersion=0, maxWireVersion=21, maxDocumentSize=16777216, logicalSessionTimeoutMinutes=30, roundTripTimeNanos=563939700, setName='atlas-29iahe-shard-0', canonicalAddress=ac-8hxiwxg-shard-00-01.aawqpdq.mongodb.net:27017, hosts=[ac-8hxiwxg-shard-00-02.aawqpdq.mongodb.net:27017, ac-8hxiwxg-shard-00-01.aawqpdq.mongodb.net:27017, ac-8hxiwxg-shard-00-00.aawqpdq.mongodb.net:27017], passives=[], arbiters=[], primary='ac-8hxiwxg-shard-00-01.aawqpdq.mongodb.net:27017', tagSet=TagSet{[Tag{name='availabilityZone', value='sae1-az3'}, Tag{name='diskState', value='READY'}, Tag{name='nodeType', value='ELECTABLE'}, Tag{name='provider', value='AWS'}, Tag{name='region', value='SA_EAST_1'}, Tag{name='workloadType', value='OPERATIONAL'}]}, electionId=7fffffff000000000000000a, setVersion=4, topologyVersion=TopologyVersion{processId=6661d262bc012e6c16090bdf, counter=6}, lastWriteDate=Thu Jun 06 23:25:45 COT 2024, lastUpdateTimeNanos=25207713867600}
2024-06-06T23:25:46.695-05:00  INFO 24380 --- [Biblioteca] [ngodb.net:27017] org.mongodb.driver.cluster               : Discovered replica set primary ac-8hxiwxg-shard-00-01.aawqpdq.mongodb.net:27017 with max election id 7fffffff000000000000000a and max set version 4
]]></system-out>
  </testcase>
</testsuite>